app/build/intermediates/manifest_merge_blame_file/debug/manifest-merger-blame-debug-report.txt
1<?xml version="1.0" encoding="utf-8"?>
2<manifest xmlns:android="http://schemas.android.com/apk/res/android"
3    package="com.example.greenroad"
4    android:versionCode="1"
5    android:versionName="1.0" >
6
7    <uses-sdk
8        android:minSdkVersion="21"
8-->src\main\AndroidManifest.xml
9        android:targetSdkVersion="30" />
9-->src\main\AndroidManifest.xml
10
11    <uses-permission android:name="android.permission.ACCESS_FINE_LOCATION" />
11-->src\main\AndroidManifest.xml:4:5-79
11-->src\main\AndroidManifest.xml:4:22-76
12    <uses-permission android:name="android.permission.ACCESS_COARSE_LOCATION" />
12-->src\main\AndroidManifest.xml:5:5-81
12-->src\main\AndroidManifest.xml:5:22-78
13    <uses-permission android:name="android.permission.INTERNET" />
13-->src\main\AndroidManifest.xml:6:5-67
13-->src\main\AndroidManifest.xml:6:22-64
14    <uses-permission android:name="android.permission.ACCESS_WIFI_STATE" />
14-->src\main\AndroidManifest.xml:7:5-76
14-->src\main\AndroidManifest.xml:7:22-73
15    <uses-permission android:name="android.permission.ACCESS_NETWORK_STATE" />
15-->src\main\AndroidManifest.xml:8:5-79
15-->src\main\AndroidManifest.xml:8:22-76
16
17    <uses-feature
17-->[com.mapbox.mapboxsdk:mapbox-android-sdk:9.6.1] AndroidManifest.xml:9:5-11:35
18        android:glEsVersion="0x00020000"
18-->[com.mapbox.mapboxsdk:mapbox-android-sdk:9.6.1] AndroidManifest.xml:10:9-41
19        android:required="true" />
19-->[com.mapbox.mapboxsdk:mapbox-android-sdk:9.6.1] AndroidManifest.xml:11:9-32
20    <uses-feature
20-->[com.mapbox.mapboxsdk:mapbox-android-sdk:9.6.1] AndroidManifest.xml:12:5-14:36
21        android:name="android.hardware.wifi"
21-->[com.mapbox.mapboxsdk:mapbox-android-sdk:9.6.1] AndroidManifest.xml:13:9-45
22        android:required="false" /> <!-- Required for CrashReporterJobIntentService on API levels below 25 -->
22-->[com.mapbox.mapboxsdk:mapbox-android-sdk:9.6.1] AndroidManifest.xml:14:9-33
23    <uses-permission android:name="android.permission.WAKE_LOCK" />
23-->[com.mapbox.mapboxsdk:mapbox-android-telemetry:6.2.2] AndroidManifest.xml:12:5-68
23-->[com.mapbox.mapboxsdk:mapbox-android-telemetry:6.2.2] AndroidManifest.xml:12:22-65
24    <uses-permission
24-->[com.mapbox.mapboxsdk:mapbox-android-telemetry:6.2.2] AndroidManifest.xml:16:5-18:38
25        android:name="android.permission.GET_TASKS"
25-->[com.mapbox.mapboxsdk:mapbox-android-telemetry:6.2.2] AndroidManifest.xml:17:9-52
26        android:maxSdkVersion="20" />
26-->[com.mapbox.mapboxsdk:mapbox-android-telemetry:6.2.2] AndroidManifest.xml:18:9-35
27
28    <application
28-->src\main\AndroidManifest.xml:9:5-23:19
29        android:allowBackup="true"
29-->src\main\AndroidManifest.xml:10:9-35
30        android:appComponentFactory="androidx.core.app.CoreComponentFactory"
30-->[androidx.core:core:1.3.1] AndroidManifest.xml:24:18-86
31        android:debuggable="true"
32        android:icon="@mipmap/ic_launcher"
32-->src\main\AndroidManifest.xml:11:9-43
33        android:label="@string/app_name"
33-->src\main\AndroidManifest.xml:12:9-41
34        android:roundIcon="@mipmap/ic_launcher_round"
34-->src\main\AndroidManifest.xml:13:9-54
35        android:supportsRtl="true"
35-->src\main\AndroidManifest.xml:14:9-35
36        android:testOnly="true"
37        android:theme="@style/Theme.Greenroad" >
37-->src\main\AndroidManifest.xml:15:9-47
38        <activity android:name="com.example.greenroad.MainActivity" >
38-->src\main\AndroidManifest.xml:16:9-22:20
38-->src\main\AndroidManifest.xml:16:19-47
39            <intent-filter>
39-->src\main\AndroidManifest.xml:17:13-21:29
40                <action android:name="android.intent.action.MAIN" />
40-->src\main\AndroidManifest.xml:18:17-69
40-->src\main\AndroidManifest.xml:18:25-66
41
42                <category android:name="android.intent.category.LAUNCHER" />
42-->src\main\AndroidManifest.xml:20:17-77
42-->src\main\AndroidManifest.xml:20:27-74
43            </intent-filter>
44        </activity>
45        <activity
45-->[com.google.android.gms:play-services-base:17.5.0] AndroidManifest.xml:23:9-26:75
46            android:name="com.google.android.gms.common.api.GoogleApiActivity"
46-->[com.google.android.gms:play-services-base:17.5.0] AndroidManifest.xml:24:13-79
47            android:exported="false"
47-->[com.google.android.gms:play-services-base:17.5.0] AndroidManifest.xml:25:13-37
48            android:theme="@android:style/Theme.Translucent.NoTitleBar" />
48-->[com.google.android.gms:play-services-base:17.5.0] AndroidManifest.xml:26:13-72
49
50        <meta-data
50-->[com.google.android.gms:play-services-basement:17.5.0] AndroidManifest.xml:23:9-25:69
51            android:name="com.google.android.gms.version"
51-->[com.google.android.gms:play-services-basement:17.5.0] AndroidManifest.xml:24:13-58
52            android:value="@integer/google_play_services_version" />
52-->[com.google.android.gms:play-services-basement:17.5.0] AndroidManifest.xml:25:13-66
53
54        <provider
54-->[com.mapbox.mapboxsdk:mapbox-android-telemetry:6.2.2] AndroidManifest.xml:21:9-25:39
55            android:name="com.mapbox.android.telemetry.provider.MapboxTelemetryInitProvider"
55-->[com.mapbox.mapboxsdk:mapbox-android-telemetry:6.2.2] AndroidManifest.xml:22:13-93
56            android:authorities="com.example.greenroad.mapboxtelemetryinitprovider"
56-->[com.mapbox.mapboxsdk:mapbox-android-telemetry:6.2.2] AndroidManifest.xml:23:13-79
57            android:exported="false"
57-->[com.mapbox.mapboxsdk:mapbox-android-telemetry:6.2.2] AndroidManifest.xml:24:13-37
58            android:initOrder="100" />
58-->[com.mapbox.mapboxsdk:mapbox-android-telemetry:6.2.2] AndroidManifest.xml:25:13-36
59
60        <service
60-->[com.mapbox.mapboxsdk:mapbox-android-telemetry:6.2.2] AndroidManifest.xml:27:9-29:72
61            android:name="com.mapbox.android.telemetry.errors.ErrorReporterJobIntentService"
61-->[com.mapbox.mapboxsdk:mapbox-android-telemetry:6.2.2] AndroidManifest.xml:28:13-93
62            android:permission="android.permission.BIND_JOB_SERVICE" />
62-->[com.mapbox.mapboxsdk:mapbox-android-telemetry:6.2.2] AndroidManifest.xml:29:13-69
63    </application>
64
65</manifest>